make all --print-data-base --no-builtin-variables --no-builtin-rules --question
make: *** No rule to make target 'all'.  Stop.

# GNU Make 4.3
# Built for x86_64-pc-linux-gnu
# Copyright (C) 1988-2020 Free Software Foundation, Inc.
# License GPLv3+: GNU GPL version 3 or later <http://gnu.org/licenses/gpl.html>
# This is free software: you are free to change and redistribute it.
# There is NO WARRANTY, to the extent permitted by law.

# Make data base, printed on Sun Aug 14 18:17:05 2022

# Variables

# environment
GDK_BACKEND = x11
# environment
LC_ALL = C
# environment
NO_AT_BRIDGE = 1
# environment
GTK_RC_FILES = /etc/gtk/gtkrc:/home/jxy/.gtkrc:/home/jxy/.config/gtkrc
# environment
VSCODE_CWD = /home/jxy
# default
MAKE_COMMAND := make
# environment
GTK3_MODULES = xapp-gtk3-module
# environment
rvm_bin_path = /home/jxy/.rvm/bin
# automatic
@D = $(patsubst %/,%,$(dir $@))
# environment
VSCODE_HANDLES_UNCAUGHT_ERRORS = true
# default
.VARIABLES := 
# environment
PWD = /home/jxy/workspace/snort_sec
# automatic
%D = $(patsubst %/,%,$(dir $%))
# environment
MAIL = /var/spool/mail/jxy
# environment
OLDPWD = /home/jxy
# automatic
^D = $(patsubst %/,%,$(dir $^))
# automatic
%F = $(notdir $%)
# environment
VSCODE_CODE_CACHE_PATH = /home/jxy/.config/Code/CachedData/6d9b74a70ca9c7733b29f0456fd8195364076dda
# environment
XDG_SESSION_PATH = /org/freedesktop/DisplayManager/Session1
# environment
LANG = C
# environment
XAUTHORITY = /home/jxy/.Xauthority
# default
.LOADED := 
# default
.INCLUDE_DIRS = /usr/include /usr/local/include /usr/include
# makefile
MAKEFLAGS = pqrR
# makefile
CURDIR := /home/jxy/workspace/snort_sec
# environment
APPLICATION_INSIGHTS_NO_DIAGNOSTIC_CHANNEL = 1
# automatic
*D = $(patsubst %/,%,$(dir $*))
# environment
PAM_KWALLET5_LOGIN = /run/user/1000/kwallet5.socket
# environment
MFLAGS = -pqrR
# default
.SHELLFLAGS := -c
# environment
XDG_CONFIG_DIRS = /home/jxy/.config/kdedefaults:/etc/xdg
# automatic
+D = $(patsubst %/,%,$(dir $+))
# environment
XCURSOR_THEME = breeze_cursors
# environment
XDG_SESSION_DESKTOP = KDE
# makefile
MAKEFILE_LIST := 
# automatic
@F = $(notdir $@)
# environment
PT8HOME = /opt/packettracer/
# environment
VSCODE_PID = 4207
# environment
XDG_SESSION_TYPE = x11
# automatic
?D = $(patsubst %/,%,$(dir $?))
# environment
INPUT_METHOD = fcitx5
# environment
SESSION_MANAGER = local/jxyarch:@/tmp/.ICE-unix/1147,unix/jxyarch:/tmp/.ICE-unix/1147
# automatic
*F = $(notdir $*)
# environment
CHROME_DESKTOP = code-url-handler.desktop
# environment
DBUS_SESSION_BUS_ADDRESS = unix:path=/run/user/1000/bus
# automatic
<D = $(patsubst %/,%,$(dir $<))
# environment
VSCODE_NLS_CONFIG = {"locale":"zh-cn","availableLanguages":{"*":"zh-cn"},"_languagePackId":"08bdb29c43b4c03defdaaecc51ad48b6.zh-cn","_translationsConfigFile":"/home/jxy/.config/Code/clp/08bdb29c43b4c03defdaaecc51ad48b6.zh-cn/tcf.json","_cacheRoot":"/home/jxy/.config/Code/clp/08bdb29c43b4c03defdaaecc51ad48b6.zh-cn","_resolvedLanguagePackCoreLocation":"/home/jxy/.config/Code/clp/08bdb29c43b4c03defdaaecc51ad48b6.zh-cn/6d9b74a70ca9c7733b29f0456fd8195364076dda","_corruptedFile":"/home/jxy/.config/Code/clp/08bdb29c43b4c03defdaaecc51ad48b6.zh-cn/corrupted.info","_languagePackSupport":true}
# default
MAKE_HOST := x86_64-pc-linux-gnu
# environment
SDL_IM_MODULE = fcitx
# makefile
SHELL = /bin/sh
# default
MAKECMDGOALS := all
# environment
XMODIFIERS = @im=fcitx5
# environment
SHLVL = 1
# environment
rvm_path = /home/jxy/.rvm
# environment
MAKELEVEL := 0
# default
MAKE = $(MAKE_COMMAND)
# environment
PATH = /usr/local/sbin:/usr/local/bin:/usr/bin:/usr/lib/jvm/default/bin:/usr/bin/site_perl:/usr/bin/vendor_perl:/usr/bin/core_perl:/home/jxy/.rvm/bin
# default
MAKEFILES := 
# environment
LANGUAGE = zh_CN:en_US
# environment
MOTD_SHOWN = pam
# automatic
^F = $(notdir $^)
# environment
INVOCATION_ID = 824c24b5c36a4640aabe1359c4a91279
# automatic
?F = $(notdir $?)
# environment
KDE_APPLICATIONS_AS_SCOPE = 1
# environment
AUTOJUMP_SOURCED = 1
# environment
XDG_SEAT = seat0
# environment
GTK_IM_MODULE = fcitx5
# environment
XDG_CURRENT_DESKTOP = KDE
# automatic
+F = $(notdir $+)
# environment
XDG_SEAT_PATH = /org/freedesktop/DisplayManager/Seat0
# environment
DESKTOP_SESSION = plasma
# environment
ORIGINAL_XDG_CURRENT_DESKTOP = KDE
# 'override' directive
GNUMAKEFLAGS := 
# environment
LOGNAME = jxy
# environment
XDG_VTNR = 1
# makefile
.DEFAULT_GOAL := 
# environment
SYSTEMD_EXEC_PID = 1317
# environment
AUTOJUMP_ERROR_PATH = /home/jxy/.local/share/autojump/errors.log
# environment
rvm_version = 1.29.12 (latest)
# environment
DISPLAY = :0
# environment
GTK_MODULES = canberra-gtk-module
# environment
USER = jxy
# default
MAKE_VERSION := 4.3
# environment
KDE_SESSION_UID = 1000
# environment
MANAGERPID = 992
# environment
_ = /usr/bin/make
# environment
XDG_RUNTIME_DIR = /run/user/1000
# environment
JOURNAL_STREAM = 8:11208
# environment
XDG_SESSION_CLASS = user
# environment
VSCODE_AMD_ENTRYPOINT = vs/workbench/api/node/extensionHostProcess
# environment
GTK2_RC_FILES = /etc/gtk-2.0/gtkrc:/home/jxy/.gtkrc-2.0:/home/jxy/.config/gtkrc-2.0
# environment
HOME = /home/jxy
# environment
QT_IM_MODULE = fcitx5
# environment
ELECTRON_RUN_AS_NODE = 1
# environment
VSCODE_IPC_HOOK = /run/user/1000/vscode-17c62bbf-1.70.1-main.sock
# environment
XDG_SESSION_ID = 2
# environment
XCURSOR_SIZE = 24
# default
.RECIPEPREFIX := 
# automatic
<F = $(notdir $<)
# default
SUFFIXES := 
# environment
QT_AUTO_SCREEN_SCALE_FACTOR = 0
# environment
VSCODE_CLI = 1
# environment
ELECTRON_NO_ATTACH_CONSOLE = 1
# environment
KDE_SESSION_VERSION = 5
# default
.FEATURES := target-specific order-only second-expansion else-if shortest-stem undefine oneshell nocomment grouped-target extra-prereqs archives jobserver output-sync check-symlink guile load
# environment
rvm_prefix = /home/jxy
# environment
KDE_FULL_SESSION = true
# variable set hash-table stats:
# Load=107/1024=10%, Rehash=0, Collisions=3/134=2%

# Pattern-specific Variable Values

# No pattern-specific variable values.

# Directories

# . (device 38, inode 2512344): 21 files, no impossibilities.

# 21 files, no impossibilities in 1 directories.

# Implicit Rules

# No implicit rules.

# Files

# Not a target:
Makefile:
#  Implicit rule search has been done.
#  File does not exist.
#  File has been updated.
#  Failed to be updated.

# Not a target:
.DEFAULT:
#  Implicit rule search has not been done.
#  Modification time never checked.
#  File has not been updated.

# Not a target:
all:
#  Command line target.
#  Implicit rule search has been done.
#  File does not exist.
#  File has not been updated.

# Not a target:
makefile:
#  Implicit rule search has been done.
#  File does not exist.
#  File has been updated.
#  Failed to be updated.

# Not a target:
GNUmakefile:
#  Implicit rule search has been done.
#  File does not exist.
#  File has been updated.
#  Failed to be updated.

# files hash-table stats:
# Load=6/1024=1%, Rehash=0, Collisions=0/15=0%
# VPATH Search Paths

# No 'vpath' search paths.

# No general ('VPATH' variable) search path.

# strcache buffers: 1 (0) / strings = 29 / storage = 291 B / avg = 10 B
 
# current buf: size = 8162 B / used = 291 B / count = 29 / avg = 10 B

# strcache performance: lookups = 32 / hit rate = 9%
# hash-table stats:
# Load=29/8192=0%, Rehash=0, Collisions=0/32=0%
# Finished Make data base on Sun Aug 14 18:17:05 2022

 
